[20-Aug-2023 18:30:11 America/Los_Angeles] cron start
[20-Aug-2023 18:30:11 America/Los_Angeles] cron end
[20-Aug-2023 18:30:22 America/Los_Angeles] PHP Warning:  Undefined array key 3 in /var/www/html/app/domain/dashboard/templates/home.tpl.php on line 274
[20-Aug-2023 18:30:22 America/Los_Angeles] PHP Warning:  foreach() argument must be of type array|object, null given in /var/www/html/app/domain/dashboard/templates/home.tpl.php on line 274
[20-Aug-2023 18:30:27 America/Los_Angeles] Error: Class name must be a valid object or a string in /var/www/html/cache/views/6828406326ac85db5632f8b1aa2f533bf8b18178.php:27
Stack trace:
#0 /var/www/html/vendor/illuminate/filesystem/Filesystem.php(107): require()
#1 /var/www/html/vendor/illuminate/filesystem/Filesystem.php(108): Illuminate\Filesystem\Filesystem::Illuminate\Filesystem\{closure}()
#2 /var/www/html/vendor/illuminate/view/Engines/PhpEngine.php(58): Illuminate\Filesystem\Filesystem->getRequire('/var/www/html/c...', Array)
#3 /var/www/html/vendor/illuminate/view/Engines/CompilerEngine.php(61): Illuminate\View\Engines\PhpEngine->evaluatePath('/var/www/html/c...', Array)
#4 /var/www/html/vendor/illuminate/view/View.php(139): Illuminate\View\Engines\CompilerEngine->get('/var/www/html/a...', Array)
#5 /var/www/html/vendor/illuminate/view/View.php(122): Illuminate\View\View->getContents()
#6 /var/www/html/vendor/illuminate/view/View.php(91): Illuminate\View\View->renderContents()
#7 /var/www/html/cache/views/73f3059a675e8384c05362c37b5ddc52c29cd789.php(33): Illuminate\View\View->render()
#8 /var/www/html/vendor/illuminate/filesystem/Filesystem.php(107): require('/var/www/html/c...')
#9 /var/www/html/vendor/illuminate/filesystem/Filesystem.php(108): Illuminate\Filesystem\Filesystem::Illuminate\Filesystem\{closure}()
#10 /var/www/html/vendor/illuminate/view/Engines/PhpEngine.php(58): Illuminate\Filesystem\Filesystem->getRequire('/var/www/html/c...', Array)
#11 /var/www/html/vendor/illuminate/view/Engines/CompilerEngine.php(61): Illuminate\View\Engines\PhpEngine->evaluatePath('/var/www/html/c...', Array)
#12 /var/www/html/vendor/illuminate/view/View.php(139): Illuminate\View\Engines\CompilerEngine->get('/var/www/html/a...', Array)
#13 /var/www/html/vendor/illuminate/view/View.php(122): Illuminate\View\View->getContents()
#14 /var/www/html/vendor/illuminate/view/View.php(91): Illuminate\View\View->renderContents()
#15 /var/www/html/app/core/class.template.php(374): Illuminate\View\View->render()
#16 /var/www/html/app/domain/users/controllers/class.showAll.php(41): leantime\core\template->display('users.showAll')
#17 /var/www/html/app/core/class.controller.php(76): leantime\domain\controllers\showAll->get(Array)
#18 /var/www/html/app/core/class.controller.php(46): leantime\core\controller->executeActions('get', Array)
#19 /var/www/html/app/core/class.frontcontroller.php(155): leantime\core\controller->__construct('get', Array)
#20 /var/www/html/app/core/class.frontcontroller.php(77): leantime\core\frontcontroller::executeAction('users.showAll', Array, 200)
#21 /var/www/html/app/core/class.Bootloader.php(365): leantime\core\frontcontroller::dispatch()
#22 /var/www/html/app/core/class.Bootloader.php(145): leantime\core\Bootloader->handleRequest()
#23 /var/www/html/public/index.php(11): leantime\core\Bootloader->boot()
#24 {main}

Next Illuminate\View\ViewException: Class name must be a valid object or a string (View: /var/www/html/app/domain/menu/templates/headMenu.blade.php) in /var/www/html/cache/views/6828406326ac85db5632f8b1aa2f533bf8b18178.php:27
Stack trace:
#0 /var/www/html/vendor/illuminate/view/Engines/PhpEngine.php(60): Illuminate\View\Engines\CompilerEngine->handleViewException(Object(Error), 1)
#1 /var/www/html/vendor/illuminate/view/Engines/CompilerEngine.php(61): Illuminate\View\Engines\PhpEngine->evaluatePath('/var/www/html/c...', Array)
#2 /var/www/html/vendor/illuminate/view/View.php(139): Illuminate\View\Engines\CompilerEngine->get('/var/www/html/a...', Array)
#3 /var/www/html/vendor/illuminate/view/View.php(122): Illuminate\View\View->getContents()
#4 /var/www/html/vendor/illuminate/view/View.php(91): Illuminate\View\View->renderContents()
#5 /var/www/html/cache/views/73f3059a675e8384c05362c37b5ddc52c29cd789.php(33): Illuminate\View\View->render()
#6 /var/www/html/vendor/illuminate/filesystem/Filesystem.php(107): require('/var/www/html/c...')
#7 /var/www/html/vendor/illuminate/filesystem/Filesystem.php(108): Illuminate\Filesystem\Filesystem::Illuminate\Filesystem\{closure}()
#8 /var/www/html/vendor/illuminate/view/Engines/PhpEngine.php(58): Illuminate\Filesystem\Filesystem->getRequire('/var/www/html/c...', Array)
#9 /var/www/html/vendor/illuminate/view/Engines/CompilerEngine.php(61): Illuminate\View\Engines\PhpEngine->evaluatePath('/var/www/html/c...', Array)
#10 /var/www/html/vendor/illuminate/view/View.php(139): Illuminate\View\Engines\CompilerEngine->get('/var/www/html/a...', Array)
#11 /var/www/html/vendor/illuminate/view/View.php(122): Illuminate\View\View->getContents()
#12 /var/www/html/vendor/illuminate/view/View.php(91): Illuminate\View\View->renderContents()
#13 /var/www/html/app/core/class.template.php(374): Illuminate\View\View->render()
#14 /var/www/html/app/domain/users/controllers/class.showAll.php(41): leantime\core\template->display('users.showAll')
#15 /var/www/html/app/core/class.controller.php(76): leantime\domain\controllers\showAll->get(Array)
#16 /var/www/html/app/core/class.controller.php(46): leantime\core\controller->executeActions('get', Array)
#17 /var/www/html/app/core/class.frontcontroller.php(155): leantime\core\controller->__construct('get', Array)
#18 /var/www/html/app/core/class.frontcontroller.php(77): leantime\core\frontcontroller::executeAction('users.showAll', Array, 200)
#19 /var/www/html/app/core/class.Bootloader.php(365): leantime\core\frontcontroller::dispatch()
#20 /var/www/html/app/core/class.Bootloader.php(145): leantime\core\Bootloader->handleRequest()
#21 /var/www/html/public/index.php(11): leantime\core\Bootloader->boot()
#22 {main}

Next Illuminate\View\ViewException: Class name must be a valid object or a string (View: /var/www/html/app/domain/menu/templates/headMenu.blade.php) (View: /var/www/html/app/domain/menu/templates/headMenu.blade.php) in /var/www/html/cache/views/6828406326ac85db5632f8b1aa2f533bf8b18178.php:27
Stack trace:
#0 /var/www/html/vendor/illuminate/view/Engines/PhpEngine.php(60): Illuminate\View\Engines\CompilerEngine->handleViewException(Object(Illuminate\View\ViewException), 0)
#1 /var/www/html/vendor/illuminate/view/Engines/CompilerEngine.php(61): Illuminate\View\Engines\PhpEngine->evaluatePath('/var/www/html/c...', Array)
#2 /var/www/html/vendor/illuminate/view/View.php(139): Illuminate\View\Engines\CompilerEngine->get('/var/www/html/a...', Array)
#3 /var/www/html/vendor/illuminate/view/View.php(122): Illuminate\View\View->getContents()
#4 /var/www/html/vendor/illuminate/view/View.php(91): Illuminate\View\View->renderContents()
#5 /var/www/html/app/core/class.template.php(374): Illuminate\View\View->render()
#6 /var/www/html/app/domain/users/controllers/class.showAll.php(41): leantime\core\template->display('users.showAll')
#7 /var/www/html/app/core/class.controller.php(76): leantime\domain\controllers\showAll->get(Array)
#8 /var/www/html/app/core/class.controller.php(46): leantime\core\controller->executeActions('get', Array)
#9 /var/www/html/app/core/class.frontcontroller.php(155): leantime\core\controller->__construct('get', Array)
#10 /var/www/html/app/core/class.frontcontroller.php(77): leantime\core\frontcontroller::executeAction('users.showAll', Array, 200)
#11 /var/www/html/app/core/class.Bootloader.php(365): leantime\core\frontcontroller::dispatch()
#12 /var/www/html/app/core/class.Bootloader.php(145): leantime\core\Bootloader->handleRequest()
#13 /var/www/html/public/index.php(11): leantime\core\Bootloader->boot()
#14 {main}
[20-Aug-2023 18:30:28 America/Los_Angeles] Error: Class name must be a valid object or a string in /var/www/html/cache/views/6828406326ac85db5632f8b1aa2f533bf8b18178.php:27
Stack trace:
#0 /var/www/html/vendor/illuminate/filesystem/Filesystem.php(107): require()
#1 /var/www/html/vendor/illuminate/filesystem/Filesystem.php(108): Illuminate\Filesystem\Filesystem::Illuminate\Filesystem\{closure}()
#2 /var/www/html/vendor/illuminate/view/Engines/PhpEngine.php(58): Illuminate\Filesystem\Filesystem->getRequire('/var/www/html/c...', Array)
#3 /var/www/html/vendor/illuminate/view/Engines/CompilerEngine.php(61): Illuminate\View\Engines\PhpEngine->evaluatePath('/var/www/html/c...', Array)
#4 /var/www/html/vendor/illuminate/view/View.php(139): Illuminate\View\Engines\CompilerEngine->get('/var/www/html/a...', Array)
#5 /var/www/html/vendor/illuminate/view/View.php(122): Illuminate\View\View->getContents()
#6 /var/www/html/vendor/illuminate/view/View.php(91): Illuminate\View\View->renderContents()
#7 /var/www/html/cache/views/73f3059a675e8384c05362c37b5ddc52c29cd789.php(33): Illuminate\View\View->render()
#8 /var/www/html/vendor/illuminate/filesystem/Filesystem.php(107): require('/var/www/html/c...')
#9 /var/www/html/vendor/illuminate/filesystem/Filesystem.php(108): Illuminate\Filesystem\Filesystem::Illuminate\Filesystem\{closure}()
#10 /var/www/html/vendor/illuminate/view/Engines/PhpEngine.php(58): Illuminate\Filesystem\Filesystem->getRequire('/var/www/html/c...', Array)
#11 /var/www/html/vendor/illuminate/view/Engines/CompilerEngine.php(61): Illuminate\View\Engines\PhpEngine->evaluatePath('/var/www/html/c...', Array)
#12 /var/www/html/vendor/illuminate/view/View.php(139): Illuminate\View\Engines\CompilerEngine->get('/var/www/html/a...', Array)
#13 /var/www/html/vendor/illuminate/view/View.php(122): Illuminate\View\View->getContents()
#14 /var/www/html/vendor/illuminate/view/View.php(91): Illuminate\View\View->renderContents()
#15 /var/www/html/app/core/class.template.php(374): Illuminate\View\View->render()
#16 /var/www/html/app/domain/users/controllers/class.editUser.php(163): leantime\core\template->display('users.editUser')
#17 /var/www/html/app/core/class.controller.php(78): leantime\domain\controllers\editUser->run()
#18 /var/www/html/app/core/class.controller.php(46): leantime\core\controller->executeActions('get', Array)
#19 /var/www/html/app/core/class.frontcontroller.php(155): leantime\core\controller->__construct('get', Array)
#20 /var/www/html/app/core/class.frontcontroller.php(77): leantime\core\frontcontroller::executeAction('users.editUser', Array, 200)
#21 /var/www/html/app/core/class.Bootloader.php(365): leantime\core\frontcontroller::dispatch()
#22 /var/www/html/app/core/class.Bootloader.php(145): leantime\core\Bootloader->handleRequest()
#23 /var/www/html/public/index.php(11): leantime\core\Bootloader->boot()
#24 {main}

Next Illuminate\View\ViewException: Class name must be a valid object or a string (View: /var/www/html/app/domain/menu/templates/headMenu.blade.php) in /var/www/html/cache/views/6828406326ac85db5632f8b1aa2f533bf8b18178.php:27
Stack trace:
#0 /var/www/html/vendor/illuminate/view/Engines/PhpEngine.php(60): Illuminate\View\Engines\CompilerEngine->handleViewException(Object(Error), 1)
#1 /var/www/html/vendor/illuminate/view/Engines/CompilerEngine.php(61): Illuminate\View\Engines\PhpEngine->evaluatePath('/var/www/html/c...', Array)
#2 /var/www/html/vendor/illuminate/view/View.php(139): Illuminate\View\Engines\CompilerEngine->get('/var/www/html/a...', Array)
#3 /var/www/html/vendor/illuminate/view/View.php(122): Illuminate\View\View->getContents()
#4 /var/www/html/vendor/illuminate/view/View.php(91): Illuminate\View\View->renderContents()
#5 /var/www/html/cache/views/73f3059a675e8384c05362c37b5ddc52c29cd789.php(33): Illuminate\View\View->render()
#6 /var/www/html/vendor/illuminate/filesystem/Filesystem.php(107): require('/var/www/html/c...')
#7 /var/www/html/vendor/illuminate/filesystem/Filesystem.php(108): Illuminate\Filesystem\Filesystem::Illuminate\Filesystem\{closure}()
#8 /var/www/html/vendor/illuminate/view/Engines/PhpEngine.php(58): Illuminate\Filesystem\Filesystem->getRequire('/var/www/html/c...', Array)
#9 /var/www/html/vendor/illuminate/view/Engines/CompilerEngine.php(61): Illuminate\View\Engines\PhpEngine->evaluatePath('/var/www/html/c...', Array)
#10 /var/www/html/vendor/illuminate/view/View.php(139): Illuminate\View\Engines\CompilerEngine->get('/var/www/html/a...', Array)
#11 /var/www/html/vendor/illuminate/view/View.php(122): Illuminate\View\View->getContents()
#12 /var/www/html/vendor/illuminate/view/View.php(91): Illuminate\View\View->renderContents()
#13 /var/www/html/app/core/class.template.php(374): Illuminate\View\View->render()
#14 /var/www/html/app/domain/users/controllers/class.editUser.php(163): leantime\core\template->display('users.editUser')
#15 /var/www/html/app/core/class.controller.php(78): leantime\domain\controllers\editUser->run()
#16 /var/www/html/app/core/class.controller.php(46): leantime\core\controller->executeActions('get', Array)
#17 /var/www/html/app/core/class.frontcontroller.php(155): leantime\core\controller->__construct('get', Array)
#18 /var/www/html/app/core/class.frontcontroller.php(77): leantime\core\frontcontroller::executeAction('users.editUser', Array, 200)
#19 /var/www/html/app/core/class.Bootloader.php(365): leantime\core\frontcontroller::dispatch()
#20 /var/www/html/app/core/class.Bootloader.php(145): leantime\core\Bootloader->handleRequest()
#21 /var/www/html/public/index.php(11): leantime\core\Bootloader->boot()
#22 {main}

Next Illuminate\View\ViewException: Class name must be a valid object or a string (View: /var/www/html/app/domain/menu/templates/headMenu.blade.php) (View: /var/www/html/app/domain/menu/templates/headMenu.blade.php) in /var/www/html/cache/views/6828406326ac85db5632f8b1aa2f533bf8b18178.php:27
Stack trace:
#0 /var/www/html/vendor/illuminate/view/Engines/PhpEngine.php(60): Illuminate\View\Engines\CompilerEngine->handleViewException(Object(Illuminate\View\ViewException), 0)
#1 /var/www/html/vendor/illuminate/view/Engines/CompilerEngine.php(61): Illuminate\View\Engines\PhpEngine->evaluatePath('/var/www/html/c...', Array)
#2 /var/www/html/vendor/illuminate/view/View.php(139): Illuminate\View\Engines\CompilerEngine->get('/var/www/html/a...', Array)
#3 /var/www/html/vendor/illuminate/view/View.php(122): Illuminate\View\View->getContents()
#4 /var/www/html/vendor/illuminate/view/View.php(91): Illuminate\View\View->renderContents()
#5 /var/www/html/app/core/class.template.php(374): Illuminate\View\View->render()
#6 /var/www/html/app/domain/users/controllers/class.editUser.php(163): leantime\core\template->display('users.editUser')
#7 /var/www/html/app/core/class.controller.php(78): leantime\domain\controllers\editUser->run()
#8 /var/www/html/app/core/class.controller.php(46): leantime\core\controller->executeActions('get', Array)
#9 /var/www/html/app/core/class.frontcontroller.php(155): leantime\core\controller->__construct('get', Array)
#10 /var/www/html/app/core/class.frontcontroller.php(77): leantime\core\frontcontroller::executeAction('users.editUser', Array, 200)
#11 /var/www/html/app/core/class.Bootloader.php(365): leantime\core\frontcontroller::dispatch()
#12 /var/www/html/app/core/class.Bootloader.php(145): leantime\core\Bootloader->handleRequest()
#13 /var/www/html/public/index.php(11): leantime\core\Bootloader->boot()
#14 {main}
[20-Aug-2023 18:30:36 America/Los_Angeles] TypeError: count(): Argument #1 ($value) must be of type Countable|array, bool given in /var/www/html/app/domain/tickets/templates/submodules/ticketHeader.sub.php:47
Stack trace:
#0 /var/www/html/vendor/illuminate/filesystem/Filesystem.php(107): require()
#1 /var/www/html/vendor/illuminate/filesystem/Filesystem.php(108): Illuminate\Filesystem\Filesystem::Illuminate\Filesystem\{closure}()
#2 /var/www/html/vendor/illuminate/view/Engines/PhpEngine.php(58): Illuminate\Filesystem\Filesystem->getRequire('/var/www/html/a...', Array)
#3 /var/www/html/vendor/illuminate/view/Engines/PhpEngine.php(38): Illuminate\View\Engines\PhpEngine->evaluatePath('/var/www/html/a...', Array)
#4 /var/www/html/vendor/illuminate/view/View.php(139): Illuminate\View\Engines\PhpEngine->get('/var/www/html/a...', Array)
#5 /var/www/html/vendor/illuminate/view/View.php(122): Illuminate\View\View->getContents()
#6 /var/www/html/vendor/illuminate/view/View.php(91): Illuminate\View\View->renderContents()
#7 /var/www/html/app/core/class.template.php(474): Illuminate\View\View->render()
#8 /var/www/html/app/domain/tickets/templates/showKanban.tpl.php(32): leantime\core\template->displaySubmodule('tickets-ticketH...')
#9 /var/www/html/vendor/illuminate/filesystem/Filesystem.php(107): require('/var/www/html/a...')
#10 /var/www/html/vendor/illuminate/filesystem/Filesystem.php(108): Illuminate\Filesystem\Filesystem::Illuminate\Filesystem\{closure}()
#11 /var/www/html/vendor/illuminate/view/Engines/PhpEngine.php(58): Illuminate\Filesystem\Filesystem->getRequire('/var/www/html/a...', Array)
#12 /var/www/html/vendor/illuminate/view/Engines/PhpEngine.php(38): Illuminate\View\Engines\PhpEngine->evaluatePath('/var/www/html/a...', Array)
#13 /var/www/html/vendor/illuminate/view/View.php(139): Illuminate\View\Engines\PhpEngine->get('/var/www/html/a...', Array)
#14 /var/www/html/vendor/illuminate/view/View.php(122): Illuminate\View\View->getContents()
#15 /var/www/html/vendor/illuminate/view/View.php(91): Illuminate\View\View->renderContents()
#16 /var/www/html/cache/views/73f3059a675e8384c05362c37b5ddc52c29cd789.php(40): Illuminate\View\View->render()
#17 /var/www/html/vendor/illuminate/filesystem/Filesystem.php(107): require('/var/www/html/c...')
#18 /var/www/html/vendor/illuminate/filesystem/Filesystem.php(108): Illuminate\Filesystem\Filesystem::Illuminate\Filesystem\{closure}()
#19 /var/www/html/vendor/illuminate/view/Engines/PhpEngine.php(58): Illuminate\Filesystem\Filesystem->getRequire('/var/www/html/c...', Array)
#20 /var/www/html/vendor/illuminate/view/Engines/CompilerEngine.php(61): Illuminate\View\Engines\PhpEngine->evaluatePath('/var/www/html/c...', Array)
#21 /var/www/html/vendor/illuminate/view/View.php(139): Illuminate\View\Engines\CompilerEngine->get('/var/www/html/a...', Array)
#22 /var/www/html/vendor/illuminate/view/View.php(122): Illuminate\View\View->getContents()
#23 /var/www/html/vendor/illuminate/view/View.php(91): Illuminate\View\View->renderContents()
#24 /var/www/html/app/core/class.template.php(374): Illuminate\View\View->render()
#25 /var/www/html/app/domain/tickets/controllers/class.showKanban.php(40): leantime\core\template->display('tickets.showKan...')
#26 /var/www/html/app/core/class.controller.php(76): leantime\domain\controllers\showKanban->get(Array)
#27 /var/www/html/app/core/class.controller.php(46): leantime\core\controller->executeActions('get', Array)
#28 /var/www/html/app/core/class.frontcontroller.php(155): leantime\core\controller->__construct('get', Array)
#29 /var/www/html/app/core/class.frontcontroller.php(77): leantime\core\frontcontroller::executeAction('tickets.showKan...', Array, 200)
#30 /var/www/html/app/core/class.Bootloader.php(365): leantime\core\frontcontroller::dispatch()
#31 /var/www/html/app/core/class.Bootloader.php(145): leantime\core\Bootloader->handleRequest()
#32 /var/www/html/public/index.php(11): leantime\core\Bootloader->boot()
#33 {main}

Next Illuminate\View\ViewException: count(): Argument #1 ($value) must be of type Countable|array, bool given (View: /var/www/html/app/views/templates/layouts/app.blade.php) in /var/www/html/app/domain/tickets/templates/submodules/ticketHeader.sub.php:47
Stack trace:
#0 /var/www/html/vendor/illuminate/view/Engines/PhpEngine.php(60): Illuminate\View\Engines\CompilerEngine->handleViewException(Object(TypeError), 0)
#1 /var/www/html/vendor/illuminate/view/Engines/CompilerEngine.php(61): Illuminate\View\Engines\PhpEngine->evaluatePath('/var/www/html/c...', Array)
#2 /var/www/html/vendor/illuminate/view/View.php(139): Illuminate\View\Engines\CompilerEngine->get('/var/www/html/a...', Array)
#3 /var/www/html/vendor/illuminate/view/View.php(122): Illuminate\View\View->getContents()
#4 /var/www/html/vendor/illuminate/view/View.php(91): Illuminate\View\View->renderContents()
#5 /var/www/html/app/core/class.template.php(374): Illuminate\View\View->render()
#6 /var/www/html/app/domain/tickets/controllers/class.showKanban.php(40): leantime\core\template->display('tickets.showKan...')
#7 /var/www/html/app/core/class.controller.php(76): leantime\domain\controllers\showKanban->get(Array)
#8 /var/www/html/app/core/class.controller.php(46): leantime\core\controller->executeActions('get', Array)
#9 /var/www/html/app/core/class.frontcontroller.php(155): leantime\core\controller->__construct('get', Array)
#10 /var/www/html/app/core/class.frontcontroller.php(77): leantime\core\frontcontroller::executeAction('tickets.showKan...', Array, 200)
#11 /var/www/html/app/core/class.Bootloader.php(365): leantime\core\frontcontroller::dispatch()
#12 /var/www/html/app/core/class.Bootloader.php(145): leantime\core\Bootloader->handleRequest()
#13 /var/www/html/public/index.php(11): leantime\core\Bootloader->boot()
#14 {main}
[20-Aug-2023 18:35:11 America/Los_Angeles] cron start
[20-Aug-2023 18:35:11 America/Los_Angeles] cron end
[20-Aug-2023 18:37:07 America/Los_Angeles] PHP Warning:  Undefined array key 3 in /var/www/html/app/domain/dashboard/templates/home.tpl.php on line 274
[20-Aug-2023 18:37:07 America/Los_Angeles] PHP Warning:  foreach() argument must be of type array|object, null given in /var/www/html/app/domain/dashboard/templates/home.tpl.php on line 274
[20-Aug-2023 18:37:28 America/Los_Angeles] TypeError: count(): Argument #1 ($value) must be of type Countable|array, bool given in /var/www/html/app/domain/tickets/templates/submodules/ticketHeader.sub.php:47
Stack trace:
#0 /var/www/html/vendor/illuminate/filesystem/Filesystem.php(107): require()
#1 /var/www/html/vendor/illuminate/filesystem/Filesystem.php(108): Illuminate\Filesystem\Filesystem::Illuminate\Filesystem\{closure}()
#2 /var/www/html/vendor/illuminate/view/Engines/PhpEngine.php(58): Illuminate\Filesystem\Filesystem->getRequire('/var/www/html/a...', Array)
#3 /var/www/html/vendor/illuminate/view/Engines/PhpEngine.php(38): Illuminate\View\Engines\PhpEngine->evaluatePath('/var/www/html/a...', Array)
#4 /var/www/html/vendor/illuminate/view/View.php(139): Illuminate\View\Engines\PhpEngine->get('/var/www/html/a...', Array)
#5 /var/www/html/vendor/illuminate/view/View.php(122): Illuminate\View\View->getContents()
#6 /var/www/html/vendor/illuminate/view/View.php(91): Illuminate\View\View->renderContents()
#7 /var/www/html/app/core/class.template.php(474): Illuminate\View\View->render()
#8 /var/www/html/app/domain/tickets/templates/showKanban.tpl.php(32): leantime\core\template->displaySubmodule('tickets-ticketH...')
#9 /var/www/html/vendor/illuminate/filesystem/Filesystem.php(107): require('/var/www/html/a...')
#10 /var/www/html/vendor/illuminate/filesystem/Filesystem.php(108): Illuminate\Filesystem\Filesystem::Illuminate\Filesystem\{closure}()
#11 /var/www/html/vendor/illuminate/view/Engines/PhpEngine.php(58): Illuminate\Filesystem\Filesystem->getRequire('/var/www/html/a...', Array)
#12 /var/www/html/vendor/illuminate/view/Engines/PhpEngine.php(38): Illuminate\View\Engines\PhpEngine->evaluatePath('/var/www/html/a...', Array)
#13 /var/www/html/vendor/illuminate/view/View.php(139): Illuminate\View\Engines\PhpEngine->get('/var/www/html/a...', Array)
#14 /var/www/html/vendor/illuminate/view/View.php(122): Illuminate\View\View->getContents()
#15 /var/www/html/vendor/illuminate/view/View.php(91): Illuminate\View\View->renderContents()
#16 /var/www/html/cache/views/73f3059a675e8384c05362c37b5ddc52c29cd789.php(40): Illuminate\View\View->render()
#17 /var/www/html/vendor/illuminate/filesystem/Filesystem.php(107): require('/var/www/html/c...')
#18 /var/www/html/vendor/illuminate/filesystem/Filesystem.php(108): Illuminate\Filesystem\Filesystem::Illuminate\Filesystem\{closure}()
#19 /var/www/html/vendor/illuminate/view/Engines/PhpEngine.php(58): Illuminate\Filesystem\Filesystem->getRequire('/var/www/html/c...', Array)
#20 /var/www/html/vendor/illuminate/view/Engines/CompilerEngine.php(61): Illuminate\View\Engines\PhpEngine->evaluatePath('/var/www/html/c...', Array)
#21 /var/www/html/vendor/illuminate/view/View.php(139): Illuminate\View\Engines\CompilerEngine->get('/var/www/html/a...', Array)
#22 /var/www/html/vendor/illuminate/view/View.php(122): Illuminate\View\View->getContents()
#23 /var/www/html/vendor/illuminate/view/View.php(91): Illuminate\View\View->renderContents()
#24 /var/www/html/app/core/class.template.php(374): Illuminate\View\View->render()
#25 /var/www/html/app/domain/tickets/controllers/class.showKanban.php(40): leantime\core\template->display('tickets.showKan...')
#26 /var/www/html/app/core/class.controller.php(76): leantime\domain\controllers\showKanban->get(Array)
#27 /var/www/html/app/core/class.controller.php(46): leantime\core\controller->executeActions('get', Array)
#28 /var/www/html/app/core/class.frontcontroller.php(155): leantime\core\controller->__construct('get', Array)
#29 /var/www/html/app/core/class.frontcontroller.php(77): leantime\core\frontcontroller::executeAction('tickets.showKan...', Array, 200)
#30 /var/www/html/app/core/class.Bootloader.php(365): leantime\core\frontcontroller::dispatch()
#31 /var/www/html/app/core/class.Bootloader.php(145): leantime\core\Bootloader->handleRequest()
#32 /var/www/html/public/index.php(11): leantime\core\Bootloader->boot()
#33 {main}

Next Illuminate\View\ViewException: count(): Argument #1 ($value) must be of type Countable|array, bool given (View: /var/www/html/app/views/templates/layouts/app.blade.php) in /var/www/html/app/domain/tickets/templates/submodules/ticketHeader.sub.php:47
Stack trace:
#0 /var/www/html/vendor/illuminate/view/Engines/PhpEngine.php(60): Illuminate\View\Engines\CompilerEngine->handleViewException(Object(TypeError), 0)
#1 /var/www/html/vendor/illuminate/view/Engines/CompilerEngine.php(61): Illuminate\View\Engines\PhpEngine->evaluatePath('/var/www/html/c...', Array)
#2 /var/www/html/vendor/illuminate/view/View.php(139): Illuminate\View\Engines\CompilerEngine->get('/var/www/html/a...', Array)
#3 /var/www/html/vendor/illuminate/view/View.php(122): Illuminate\View\View->getContents()
#4 /var/www/html/vendor/illuminate/view/View.php(91): Illuminate\View\View->renderContents()
#5 /var/www/html/app/core/class.template.php(374): Illuminate\View\View->render()
#6 /var/www/html/app/domain/tickets/controllers/class.showKanban.php(40): leantime\core\template->display('tickets.showKan...')
#7 /var/www/html/app/core/class.controller.php(76): leantime\domain\controllers\showKanban->get(Array)
#8 /var/www/html/app/core/class.controller.php(46): leantime\core\controller->executeActions('get', Array)
#9 /var/www/html/app/core/class.frontcontroller.php(155): leantime\core\controller->__construct('get', Array)
#10 /var/www/html/app/core/class.frontcontroller.php(77): leantime\core\frontcontroller::executeAction('tickets.showKan...', Array, 200)
#11 /var/www/html/app/core/class.Bootloader.php(365): leantime\core\frontcontroller::dispatch()
#12 /var/www/html/app/core/class.Bootloader.php(145): leantime\core\Bootloader->handleRequest()
#13 /var/www/html/public/index.php(11): leantime\core\Bootloader->boot()
#14 {main}
[20-Aug-2023 18:40:11 America/Los_Angeles] cron start
[20-Aug-2023 18:40:11 America/Los_Angeles] cron end
[20-Aug-2023 18:45:11 America/Los_Angeles] cron start
[20-Aug-2023 18:45:11 America/Los_Angeles] cron end
[20-Aug-2023 18:50:11 America/Los_Angeles] cron start
[20-Aug-2023 18:50:11 America/Los_Angeles] cron end
[20-Aug-2023 20:28:05 America/Los_Angeles] cron start
[20-Aug-2023 20:28:05 America/Los_Angeles] cron end
[20-Aug-2023 20:32:14 America/Los_Angeles] Last cron execution was on 2023-08-20 20:28:05 plz come back later
[20-Aug-2023 20:32:18 America/Los_Angeles] PHP Deprecated:  strtolower(): Passing null to parameter #1 ($string) of type string is deprecated in /Users/marcel/Sites/leantime-oss/app/domain/tickets/templates/submodules/ticketDetails.sub.php on line 116
[20-Aug-2023 20:32:18 America/Los_Angeles] PHP Deprecated:  strtolower(): Passing null to parameter #1 ($string) of type string is deprecated in /Users/marcel/Sites/leantime-oss/app/domain/tickets/templates/submodules/ticketDetails.sub.php on line 116
[20-Aug-2023 20:32:18 America/Los_Angeles] PHP Deprecated:  strtolower(): Passing null to parameter #1 ($string) of type string is deprecated in /Users/marcel/Sites/leantime-oss/app/domain/tickets/templates/submodules/ticketDetails.sub.php on line 116
[20-Aug-2023 20:32:18 America/Los_Angeles] PHP Deprecated:  strtolower(): Passing null to parameter #1 ($string) of type string is deprecated in /Users/marcel/Sites/leantime-oss/app/domain/tickets/templates/submodules/ticketDetails.sub.php on line 116
[20-Aug-2023 20:32:18 America/Los_Angeles] PHP Warning:  Undefined property: leantime\domain\models\tickets::$editTo in /Users/marcel/Sites/leantime-oss/app/domain/tickets/templates/submodules/ticketDetails.sub.php on line 289
[20-Aug-2023 20:37:18 America/Los_Angeles] cron start
[20-Aug-2023 20:37:18 America/Los_Angeles] cron end
[20-Aug-2023 20:43:26 America/Los_Angeles] cron start
[20-Aug-2023 20:43:26 America/Los_Angeles] cron end
[20-Aug-2023 20:48:48 America/Los_Angeles] cron start
[20-Aug-2023 20:48:48 America/Los_Angeles] cron end
[20-Aug-2023 20:52:28 America/Los_Angeles] PHP Fatal error:  Uncaught TypeError: Cannot assign leantime\domain\repositories\canvas to property leantime\domain\services\tags::$canvasRepository of type leantime\domain\repositories\tickets in /Users/marcel/Sites/leantime-oss/app/domain/tags/services/class.tags.php:23
Stack trace:
#0 [internal function]: leantime\domain\services\tags->__construct(Object(leantime\domain\repositories\projects), Object(leantime\domain\repositories\canvas), Object(leantime\domain\repositories\tickets))
#1 /Users/marcel/Sites/leantime-oss/vendor/illuminate/container/Container.php(917): ReflectionClass->newInstanceArgs(Array)
#2 /Users/marcel/Sites/leantime-oss/vendor/illuminate/container/Container.php(758): Illuminate\Container\Container->build('leantime\\domain...')
#3 /Users/marcel/Sites/leantime-oss/vendor/illuminate/container/Container.php(694): Illuminate\Container\Container->resolve('leantime\\domain...', Array)
#4 /Users/marcel/Sites/leantime-oss/vendor/illuminate/container/BoundMethod.php(182): Illuminate\Container\Container->make('leantime\\domain...')
#5 /Users/marcel/Sites/leantime-oss/vendor/illuminate/container/BoundMethod.php(124): Illuminate\Container\BoundMethod::addDependencyForCallParameter(Object(leantime\core\application), Object(ReflectionParameter), Array, Array)
#6 /Users/marcel/Sites/leantime-oss/vendor/illuminate/container/BoundMethod.php(36): Illuminate\Container\BoundMethod::getMethodDependencies(Object(leantime\core\application), Array, Array)
#7 /Users/marcel/Sites/leantime-oss/vendor/illuminate/container/Util.php(40): Illuminate\Container\BoundMethod::Illuminate\Container\{closure}()
#8 /Users/marcel/Sites/leantime-oss/vendor/illuminate/container/BoundMethod.php(93): Illuminate\Container\Util::unwrapIfClosure(Object(Closure))
#9 /Users/marcel/Sites/leantime-oss/vendor/illuminate/container/BoundMethod.php(37): Illuminate\Container\BoundMethod::callBoundMethod(Object(leantime\core\application), Array, Object(Closure))
#10 /Users/marcel/Sites/leantime-oss/vendor/illuminate/container/Container.php(653): Illuminate\Container\BoundMethod::call(Object(leantime\core\application), Array, Array, NULL)
#11 /Users/marcel/Sites/leantime-oss/app/core/class.controller.php(71): Illuminate\Container\Container->call(Array)
#12 /Users/marcel/Sites/leantime-oss/app/core/class.controller.php(46): leantime\core\controller->executeActions('get', Array)
#13 /Users/marcel/Sites/leantime-oss/app/core/class.frontcontroller.php(155): leantime\core\controller->__construct('get', Array)
#14 /Users/marcel/Sites/leantime-oss/app/core/class.frontcontroller.php(77): leantime\core\frontcontroller::executeAction('api.tags', Array, 200)
#15 /Users/marcel/Sites/leantime-oss/app/core/class.Bootloader.php(365): leantime\core\frontcontroller::dispatch()
#16 /Users/marcel/Sites/leantime-oss/app/core/class.Bootloader.php(145): leantime\core\Bootloader->handleRequest()
#17 /Users/marcel/Sites/leantime-oss/public/index.php(11): leantime\core\Bootloader->boot()
#18 {main}
  thrown in /Users/marcel/Sites/leantime-oss/app/domain/tags/services/class.tags.php on line 23
[20-Aug-2023 20:52:29 America/Los_Angeles] PHP Fatal error:  Uncaught TypeError: Cannot assign leantime\domain\repositories\canvas to property leantime\domain\services\tags::$canvasRepository of type leantime\domain\repositories\tickets in /Users/marcel/Sites/leantime-oss/app/domain/tags/services/class.tags.php:23
Stack trace:
#0 [internal function]: leantime\domain\services\tags->__construct(Object(leantime\domain\repositories\projects), Object(leantime\domain\repositories\canvas), Object(leantime\domain\repositories\tickets))
#1 /Users/marcel/Sites/leantime-oss/vendor/illuminate/container/Container.php(917): ReflectionClass->newInstanceArgs(Array)
#2 /Users/marcel/Sites/leantime-oss/vendor/illuminate/container/Container.php(758): Illuminate\Container\Container->build('leantime\\domain...')
#3 /Users/marcel/Sites/leantime-oss/vendor/illuminate/container/Container.php(694): Illuminate\Container\Container->resolve('leantime\\domain...', Array)
#4 /Users/marcel/Sites/leantime-oss/vendor/illuminate/container/BoundMethod.php(182): Illuminate\Container\Container->make('leantime\\domain...')
#5 /Users/marcel/Sites/leantime-oss/vendor/illuminate/container/BoundMethod.php(124): Illuminate\Container\BoundMethod::addDependencyForCallParameter(Object(leantime\core\application), Object(ReflectionParameter), Array, Array)
#6 /Users/marcel/Sites/leantime-oss/vendor/illuminate/container/BoundMethod.php(36): Illuminate\Container\BoundMethod::getMethodDependencies(Object(leantime\core\application), Array, Array)
#7 /Users/marcel/Sites/leantime-oss/vendor/illuminate/container/Util.php(40): Illuminate\Container\BoundMethod::Illuminate\Container\{closure}()
#8 /Users/marcel/Sites/leantime-oss/vendor/illuminate/container/BoundMethod.php(93): Illuminate\Container\Util::unwrapIfClosure(Object(Closure))
#9 /Users/marcel/Sites/leantime-oss/vendor/illuminate/container/BoundMethod.php(37): Illuminate\Container\BoundMethod::callBoundMethod(Object(leantime\core\application), Array, Object(Closure))
#10 /Users/marcel/Sites/leantime-oss/vendor/illuminate/container/Container.php(653): Illuminate\Container\BoundMethod::call(Object(leantime\core\application), Array, Array, NULL)
#11 /Users/marcel/Sites/leantime-oss/app/core/class.controller.php(71): Illuminate\Container\Container->call(Array)
#12 /Users/marcel/Sites/leantime-oss/app/core/class.controller.php(46): leantime\core\controller->executeActions('get', Array)
#13 /Users/marcel/Sites/leantime-oss/app/core/class.frontcontroller.php(155): leantime\core\controller->__construct('get', Array)
#14 /Users/marcel/Sites/leantime-oss/app/core/class.frontcontroller.php(77): leantime\core\frontcontroller::executeAction('api.tags', Array, 200)
#15 /Users/marcel/Sites/leantime-oss/app/core/class.Bootloader.php(365): leantime\core\frontcontroller::dispatch()
#16 /Users/marcel/Sites/leantime-oss/app/core/class.Bootloader.php(145): leantime\core\Bootloader->handleRequest()
#17 /Users/marcel/Sites/leantime-oss/public/index.php(11): leantime\core\Bootloader->boot()
#18 {main}
  thrown in /Users/marcel/Sites/leantime-oss/app/domain/tags/services/class.tags.php on line 23
[20-Aug-2023 20:52:29 America/Los_Angeles] PHP Fatal error:  Uncaught TypeError: Cannot assign leantime\domain\repositories\canvas to property leantime\domain\services\tags::$canvasRepository of type leantime\domain\repositories\tickets in /Users/marcel/Sites/leantime-oss/app/domain/tags/services/class.tags.php:23
Stack trace:
#0 [internal function]: leantime\domain\services\tags->__construct(Object(leantime\domain\repositories\projects), Object(leantime\domain\repositories\canvas), Object(leantime\domain\repositories\tickets))
#1 /Users/marcel/Sites/leantime-oss/vendor/illuminate/container/Container.php(917): ReflectionClass->newInstanceArgs(Array)
#2 /Users/marcel/Sites/leantime-oss/vendor/illuminate/container/Container.php(758): Illuminate\Container\Container->build('leantime\\domain...')
#3 /Users/marcel/Sites/leantime-oss/vendor/illuminate/container/Container.php(694): Illuminate\Container\Container->resolve('leantime\\domain...', Array)
#4 /Users/marcel/Sites/leantime-oss/vendor/illuminate/container/BoundMethod.php(182): Illuminate\Container\Container->make('leantime\\domain...')
#5 /Users/marcel/Sites/leantime-oss/vendor/illuminate/container/BoundMethod.php(124): Illuminate\Container\BoundMethod::addDependencyForCallParameter(Object(leantime\core\application), Object(ReflectionParameter), Array, Array)
#6 /Users/marcel/Sites/leantime-oss/vendor/illuminate/container/BoundMethod.php(36): Illuminate\Container\BoundMethod::getMethodDependencies(Object(leantime\core\application), Array, Array)
#7 /Users/marcel/Sites/leantime-oss/vendor/illuminate/container/Util.php(40): Illuminate\Container\BoundMethod::Illuminate\Container\{closure}()
#8 /Users/marcel/Sites/leantime-oss/vendor/illuminate/container/BoundMethod.php(93): Illuminate\Container\Util::unwrapIfClosure(Object(Closure))
#9 /Users/marcel/Sites/leantime-oss/vendor/illuminate/container/BoundMethod.php(37): Illuminate\Container\BoundMethod::callBoundMethod(Object(leantime\core\application), Array, Object(Closure))
#10 /Users/marcel/Sites/leantime-oss/vendor/illuminate/container/Container.php(653): Illuminate\Container\BoundMethod::call(Object(leantime\core\application), Array, Array, NULL)
#11 /Users/marcel/Sites/leantime-oss/app/core/class.controller.php(71): Illuminate\Container\Container->call(Array)
#12 /Users/marcel/Sites/leantime-oss/app/core/class.controller.php(46): leantime\core\controller->executeActions('get', Array)
#13 /Users/marcel/Sites/leantime-oss/app/core/class.frontcontroller.php(155): leantime\core\controller->__construct('get', Array)
#14 /Users/marcel/Sites/leantime-oss/app/core/class.frontcontroller.php(77): leantime\core\frontcontroller::executeAction('api.tags', Array, 200)
#15 /Users/marcel/Sites/leantime-oss/app/core/class.Bootloader.php(365): leantime\core\frontcontroller::dispatch()
#16 /Users/marcel/Sites/leantime-oss/app/core/class.Bootloader.php(145): leantime\core\Bootloader->handleRequest()
#17 /Users/marcel/Sites/leantime-oss/public/index.php(11): leantime\core\Bootloader->boot()
#18 {main}
  thrown in /Users/marcel/Sites/leantime-oss/app/domain/tags/services/class.tags.php on line 23
[20-Aug-2023 20:54:32 America/Los_Angeles] cron start
[20-Aug-2023 20:54:32 America/Los_Angeles] cron end
[20-Aug-2023 21:00:30 America/Los_Angeles] cron start
[20-Aug-2023 21:00:30 America/Los_Angeles] cron end
[20-Aug-2023 21:07:09 America/Los_Angeles] cron start
[20-Aug-2023 21:07:09 America/Los_Angeles] cron end
[20-Aug-2023 21:12:09 America/Los_Angeles] cron start
[20-Aug-2023 21:12:09 America/Los_Angeles] cron end
[20-Aug-2023 21:18:00 America/Los_Angeles] cron start
[20-Aug-2023 21:18:00 America/Los_Angeles] cron end
[20-Aug-2023 21:24:27 America/Los_Angeles] cron start
[20-Aug-2023 21:24:27 America/Los_Angeles] cron end
[20-Aug-2023 21:32:03 America/Los_Angeles] cron start
[20-Aug-2023 21:32:03 America/Los_Angeles] cron end
[20-Aug-2023 21:37:03 America/Los_Angeles] cron start
[20-Aug-2023 21:37:03 America/Los_Angeles] cron end
[20-Aug-2023 21:42:03 America/Los_Angeles] cron start
[20-Aug-2023 21:42:03 America/Los_Angeles] cron end
[20-Aug-2023 21:47:03 America/Los_Angeles] cron start
[20-Aug-2023 21:47:03 America/Los_Angeles] cron end
[21-Aug-2023 05:29:28 America/Los_Angeles] cron start
[21-Aug-2023 05:29:28 America/Los_Angeles] cron end
[21-Aug-2023 05:34:28 America/Los_Angeles] cron start
[21-Aug-2023 05:34:28 America/Los_Angeles] cron end
[21-Aug-2023 05:39:28 America/Los_Angeles] cron start
[21-Aug-2023 05:39:28 America/Los_Angeles] cron end
[21-Aug-2023 05:44:26 America/Los_Angeles] Last cron execution was on 2023-08-21 05:39:28 plz come back later
[21-Aug-2023 05:44:26 America/Los_Angeles] Xdebug: [Step Debug] Could not connect to debugging client. Tried: localhost:9000 (through xdebug.client_host/xdebug.client_port) :-(
[21-Aug-2023 05:50:58 America/Los_Angeles] cron start
[21-Aug-2023 05:50:58 America/Los_Angeles] cron end
[21-Aug-2023 05:51:55 America/Los_Angeles] PHP Deprecated:  Implicit conversion from float 0.5 to int loses precision in /Users/marcel/Sites/leantime-oss/app/domain/dashboard/templates/show.tpl.php on line 242
[21-Aug-2023 05:51:55 America/Los_Angeles] PHP Warning:  Undefined array key 0 in /Users/marcel/Sites/leantime-oss/app/domain/dashboard/templates/show.tpl.php on line 242
[21-Aug-2023 05:52:01 America/Los_Angeles] PHP Deprecated:  Implicit conversion from float 0.5 to int loses precision in /Users/marcel/Sites/leantime-oss/app/domain/dashboard/templates/show.tpl.php on line 242
[21-Aug-2023 05:52:01 America/Los_Angeles] PHP Warning:  Undefined array key 0 in /Users/marcel/Sites/leantime-oss/app/domain/dashboard/templates/show.tpl.php on line 242
[21-Aug-2023 05:57:02 America/Los_Angeles] cron start
[21-Aug-2023 05:57:02 America/Los_Angeles] cron end
[21-Aug-2023 06:02:02 America/Los_Angeles] cron start
[21-Aug-2023 06:02:02 America/Los_Angeles] cron end
[21-Aug-2023 06:07:02 America/Los_Angeles] cron start
[21-Aug-2023 06:07:02 America/Los_Angeles] cron end
[21-Aug-2023 06:11:33 America/Los_Angeles] PHP Deprecated:  Implicit conversion from float 0.5 to int loses precision in /Users/marcel/Sites/leantime-oss/app/domain/dashboard/templates/show.tpl.php on line 242
[21-Aug-2023 06:11:33 America/Los_Angeles] PHP Warning:  Undefined array key 0 in /Users/marcel/Sites/leantime-oss/app/domain/dashboard/templates/show.tpl.php on line 242
[21-Aug-2023 06:12:32 America/Los_Angeles] PHP Warning:  Undefined array key "'0.5'" in /Users/marcel/Sites/leantime-oss/app/domain/dashboard/templates/show.tpl.php on line 242
[21-Aug-2023 06:12:32 America/Los_Angeles] PHP Warning:  Undefined array key "'2'" in /Users/marcel/Sites/leantime-oss/app/domain/dashboard/templates/show.tpl.php on line 242
[21-Aug-2023 06:12:33 America/Los_Angeles] cron start
[21-Aug-2023 06:12:33 America/Los_Angeles] cron end
[21-Aug-2023 06:15:17 America/Los_Angeles] PHP Warning:  Undefined array key "'0.5'" in /Users/marcel/Sites/leantime-oss/app/domain/dashboard/templates/show.tpl.php on line 242
[21-Aug-2023 06:15:22 America/Los_Angeles] PHP Warning:  Undefined array key "'2'" in /Users/marcel/Sites/leantime-oss/app/domain/dashboard/templates/show.tpl.php on line 242
[21-Aug-2023 06:20:28 America/Los_Angeles] cron start
[21-Aug-2023 06:20:28 America/Los_Angeles] cron end
[21-Aug-2023 06:25:28 America/Los_Angeles] cron start
[21-Aug-2023 06:25:28 America/Los_Angeles] cron end
[21-Aug-2023 06:30:28 America/Los_Angeles] cron start
[21-Aug-2023 06:30:28 America/Los_Angeles] cron end
[21-Aug-2023 06:35:27 America/Los_Angeles] Last cron execution was on 2023-08-21 06:30:28 plz come back later
[21-Aug-2023 06:40:28 America/Los_Angeles] cron start
[21-Aug-2023 06:40:28 America/Los_Angeles] cron end
[21-Aug-2023 06:45:28 America/Los_Angeles] cron start
[21-Aug-2023 06:45:28 America/Los_Angeles] cron end
[21-Aug-2023 06:50:28 America/Los_Angeles] cron start
[21-Aug-2023 06:50:28 America/Los_Angeles] cron end
[21-Aug-2023 06:55:28 America/Los_Angeles] cron start
[21-Aug-2023 06:55:28 America/Los_Angeles] cron end
[21-Aug-2023 07:00:28 America/Los_Angeles] cron start
[21-Aug-2023 07:00:28 America/Los_Angeles] cron end
[21-Aug-2023 07:04:09 America/Los_Angeles] PHP Warning:  Undefined array key 3 in /var/www/html/app/domain/dashboard/templates/home.tpl.php on line 274
[21-Aug-2023 07:04:09 America/Los_Angeles] PHP Warning:  foreach() argument must be of type array|object, null given in /var/www/html/app/domain/dashboard/templates/home.tpl.php on line 274
[21-Aug-2023 07:05:28 America/Los_Angeles] cron start
[21-Aug-2023 07:05:28 America/Los_Angeles] cron end
[21-Aug-2023 07:10:28 America/Los_Angeles] cron start
[21-Aug-2023 07:10:28 America/Los_Angeles] cron end
[21-Aug-2023 07:15:28 America/Los_Angeles] cron start
[21-Aug-2023 07:15:28 America/Los_Angeles] cron end
[21-Aug-2023 07:21:22 America/Los_Angeles] cron start
[21-Aug-2023 07:21:22 America/Los_Angeles] cron end
[21-Aug-2023 07:24:06 America/Los_Angeles] PHP Warning:  Undefined array key 3 in /var/www/html/app/domain/dashboard/templates/home.tpl.php on line 274
[21-Aug-2023 07:24:06 America/Los_Angeles] PHP Warning:  foreach() argument must be of type array|object, null given in /var/www/html/app/domain/dashboard/templates/home.tpl.php on line 274
[21-Aug-2023 07:26:22 America/Los_Angeles] cron start
[21-Aug-2023 07:26:22 America/Los_Angeles] cron end
[21-Aug-2023 07:31:22 America/Los_Angeles] cron start
[21-Aug-2023 07:31:22 America/Los_Angeles] cron end
[21-Aug-2023 07:32:52 America/Los_Angeles] PHP Warning:  Undefined array key 3 in /var/www/html/app/domain/dashboard/templates/home.tpl.php on line 274
[21-Aug-2023 07:32:52 America/Los_Angeles] PHP Warning:  foreach() argument must be of type array|object, null given in /var/www/html/app/domain/dashboard/templates/home.tpl.php on line 274
[21-Aug-2023 07:36:22 America/Los_Angeles] cron start
[21-Aug-2023 07:36:22 America/Los_Angeles] cron end
[21-Aug-2023 07:38:51 America/Los_Angeles] PHP Warning:  Undefined array key 3 in /var/www/html/app/domain/dashboard/templates/home.tpl.php on line 274
[21-Aug-2023 07:38:51 America/Los_Angeles] PHP Warning:  foreach() argument must be of type array|object, null given in /var/www/html/app/domain/dashboard/templates/home.tpl.php on line 274
[21-Aug-2023 07:40:20 America/Los_Angeles] PHP Warning:  Undefined array key 3 in /var/www/html/app/domain/dashboard/templates/home.tpl.php on line 274
[21-Aug-2023 07:40:20 America/Los_Angeles] PHP Warning:  foreach() argument must be of type array|object, null given in /var/www/html/app/domain/dashboard/templates/home.tpl.php on line 274
[21-Aug-2023 07:43:39 America/Los_Angeles] cron start
[21-Aug-2023 07:43:39 America/Los_Angeles] cron end
[21-Aug-2023 07:45:51 America/Los_Angeles] PHP Warning:  Undefined array key 3 in /var/www/html/app/domain/dashboard/templates/home.tpl.php on line 274
[21-Aug-2023 07:45:51 America/Los_Angeles] PHP Warning:  foreach() argument must be of type array|object, null given in /var/www/html/app/domain/dashboard/templates/home.tpl.php on line 274
[21-Aug-2023 07:48:42 America/Los_Angeles] cron start
[21-Aug-2023 07:48:42 America/Los_Angeles] cron end
[21-Aug-2023 07:53:39 America/Los_Angeles] PHP Warning:  Undefined array key 3 in /var/www/html/app/domain/dashboard/templates/home.tpl.php on line 274
[21-Aug-2023 07:53:39 America/Los_Angeles] PHP Warning:  foreach() argument must be of type array|object, null given in /var/www/html/app/domain/dashboard/templates/home.tpl.php on line 274
